<?xml version="1.0" encoding="UTF-8"?>
<testng-results skipped="0" failed="0" ignored="0" total="3" passed="3">
  <reporter-output>
  </reporter-output>
  <suite name="Default suite" duration-ms="7959" started-at="2024-02-08T15:12:38 UTC" finished-at="2024-02-08T15:12:46 UTC">
    <groups>
    </groups>
    <test name="Default test" duration-ms="7959" started-at="2024-02-08T15:12:38 UTC" finished-at="2024-02-08T15:12:46 UTC">
      <class name="DynamicJson">
        <test-method status="PASS" signature="addBook(java.lang.String,java.lang.String)[pri:0, instance:DynamicJson@4232c52b]" name="addBook" duration-ms="5435" started-at="2024-02-08T15:12:38 UTC" data-provider="BooksData" finished-at="2024-02-08T15:12:44 UTC">
          <params>
            <param index="0">
              <value>
                <![CDATA[lll]]>
              </value>
            </param>
            <param index="1">
              <value>
                <![CDATA[314]]>
              </value>
            </param>
          </params>
          <reporter-output>
          </reporter-output>
        </test-method> <!-- addBook -->
        <test-method status="PASS" signature="addBook(java.lang.String,java.lang.String)[pri:0, instance:DynamicJson@4232c52b]" name="addBook" duration-ms="1239" started-at="2024-02-08T15:12:44 UTC" data-provider="BooksData" finished-at="2024-02-08T15:12:45 UTC">
          <params>
            <param index="0">
              <value>
                <![CDATA[ppp]]>
              </value>
            </param>
            <param index="1">
              <value>
                <![CDATA[332]]>
              </value>
            </param>
          </params>
          <reporter-output>
          </reporter-output>
        </test-method> <!-- addBook -->
        <test-method status="PASS" signature="addBook(java.lang.String,java.lang.String)[pri:0, instance:DynamicJson@4232c52b]" name="addBook" duration-ms="1195" started-at="2024-02-08T15:12:45 UTC" data-provider="BooksData" finished-at="2024-02-08T15:12:46 UTC">
          <params>
            <param index="0">
              <value>
                <![CDATA[xxx]]>
              </value>
            </param>
            <param index="1">
              <value>
                <![CDATA[840]]>
              </value>
            </param>
          </params>
          <reporter-output>
          </reporter-output>
        </test-method> <!-- addBook -->
      </class> <!-- DynamicJson -->
    </test> <!-- Default test -->
  </suite> <!-- Default suite -->
</testng-results>
